[2014-07-27 15:37:40] myapp.INFO: Matched route "GET_login" (parameters: "_controller": "{}", "_route": "GET_login") [] []
[2014-07-27 15:37:40] myapp.INFO: Populated SecurityContext with an anonymous Token [] []
[2014-07-27 15:37:40] myapp.INFO: > GET /web/index.php/login [] []
[2014-07-27 15:37:40] myapp.INFO: < 200 [] []
[2014-07-27 15:37:40] myapp.DEBUG: Write SecurityContext in the session [] []
[2014-07-27 15:42:09] myapp.INFO: Matched route "GET_login" (parameters: "_controller": "{}", "_route": "GET_login") [] []
[2014-07-27 15:42:09] myapp.INFO: Populated SecurityContext with an anonymous Token [] []
[2014-07-27 15:42:09] myapp.INFO: > GET /web/index.php/login [] []
[2014-07-27 15:42:09] myapp.INFO: < 200 [] []
[2014-07-27 15:42:09] myapp.DEBUG: Write SecurityContext in the session [] []
[2014-07-27 15:42:31] myapp.INFO: Matched route "GET_login" (parameters: "_controller": "{}", "_route": "GET_login") [] []
[2014-07-27 15:42:31] myapp.CRITICAL: InvalidArgumentException: Identifier "security" is not defined. (uncaught exception) at /var/www/heroku/silex_auttaa/vendor/pimple/pimple/lib/Pimple.php line 78 {"exception":"[object] (InvalidArgumentException: Identifier \"security\" is not defined. at /var/www/heroku/silex_auttaa/vendor/pimple/pimple/lib/Pimple.php:78)"} []
[2014-07-27 15:42:31] myapp.INFO: < 500 [] []
[2014-07-27 15:42:32] myapp.INFO: Matched route "GET_login" (parameters: "_controller": "{}", "_route": "GET_login") [] []
[2014-07-27 15:42:32] myapp.CRITICAL: InvalidArgumentException: Identifier "security" is not defined. (uncaught exception) at /var/www/heroku/silex_auttaa/vendor/pimple/pimple/lib/Pimple.php line 78 {"exception":"[object] (InvalidArgumentException: Identifier \"security\" is not defined. at /var/www/heroku/silex_auttaa/vendor/pimple/pimple/lib/Pimple.php:78)"} []
[2014-07-27 15:42:32] myapp.INFO: < 500 [] []
[2014-07-27 15:42:56] myapp.INFO: Matched route "GET_login" (parameters: "_controller": "{}", "_route": "GET_login") [] []
[2014-07-27 15:42:56] myapp.INFO: Populated SecurityContext with an anonymous Token [] []
[2014-07-27 15:42:56] myapp.INFO: > GET /web/index.php/login [] []
[2014-07-27 15:42:56] myapp.INFO: < 200 [] []
[2014-07-27 15:42:56] myapp.DEBUG: Write SecurityContext in the session [] []
[2014-07-27 15:43:19] myapp.INFO: Matched route "GET_login" (parameters: "_controller": "{}", "_route": "GET_login") [] []
[2014-07-27 15:43:19] myapp.INFO: Populated SecurityContext with an anonymous Token [] []
[2014-07-27 15:43:19] myapp.INFO: > GET /web/index.php/login [] []
[2014-07-27 15:43:19] myapp.INFO: < 200 [] []
[2014-07-27 15:43:19] myapp.DEBUG: Write SecurityContext in the session [] []
[2014-07-27 15:43:57] myapp.INFO: Matched route "GET_login" (parameters: "_controller": "{}", "_route": "GET_login") [] []
[2014-07-27 15:43:57] myapp.INFO: Populated SecurityContext with an anonymous Token [] []
[2014-07-27 15:43:57] myapp.INFO: > GET /web/index.php/login [] []
[2014-07-27 15:43:57] myapp.INFO: < 200 [] []
[2014-07-27 15:43:57] myapp.DEBUG: Write SecurityContext in the session [] []
[2014-07-27 15:44:18] myapp.INFO: Matched route "GET_login" (parameters: "_controller": "{}", "_route": "GET_login") [] []
[2014-07-27 15:44:18] myapp.INFO: Populated SecurityContext with an anonymous Token [] []
[2014-07-27 15:44:18] myapp.INFO: > GET /web/index.php/login [] []
[2014-07-27 15:44:18] myapp.INFO: < 200 [] []
[2014-07-27 15:44:18] myapp.DEBUG: Write SecurityContext in the session [] []
[2014-07-27 15:44:38] myapp.INFO: Matched route "_auth_service" (parameters: "_controller": "{}", "service": "facebook", "_route": "_auth_service") [] []
[2014-07-27 15:44:38] myapp.INFO: < 302 https://www.facebook.com/dialog/oauth?type=web_server&client_id=298809946967213&redirect_uri=http%3A%2F%2Flocalhost%3A8000%2Fweb%2Findex.php%2Fauth%2Ffacebook%2Fcallback&response_type=code&scope=email [] []
[2014-07-27 15:44:38] myapp.DEBUG: Write SecurityContext in the session [] []
[2014-07-27 15:44:39] myapp.INFO: Matched route "_auth_service_callback" (parameters: "_controller": "{}", "service": "facebook", "_route": "_auth_service_callback") [] []
[2014-07-27 15:44:39] myapp.INFO: < 302 http://localhost:8000/web/index.php/auth/facebook/check [] []
[2014-07-27 15:44:39] myapp.DEBUG: Write SecurityContext in the session [] []
[2014-07-27 15:44:39] myapp.INFO: Matched route "_auth_service_check" (parameters: "_controller": "{}", "service": "facebook", "_route": "_auth_service_check") [] []
[2014-07-27 15:44:39] myapp.INFO: User "Антон Кучеревский" has been authenticated successfully [] []
[2014-07-27 15:44:39] myapp.INFO: < 302 http://localhost:8000/web/index.php/ [] []
[2014-07-27 15:44:39] myapp.DEBUG: Write SecurityContext in the session [] []
[2014-07-27 15:44:39] myapp.ERROR: Symfony\Component\HttpKernel\Exception\NotFoundHttpException: No route found for "GET /" (from "http://localhost:8000/web/index.php/login") (uncaught exception) at /var/www/heroku/silex_auttaa/vendor/symfony/http-kernel/Symfony/Component/HttpKernel/EventListener/RouterListener.php line 145 {"exception":"[object] (Symfony\\Component\\HttpKernel\\Exception\\NotFoundHttpException: No route found for \"GET /\" (from \"http://localhost:8000/web/index.php/login\") at /var/www/heroku/silex_auttaa/vendor/symfony/http-kernel/Symfony/Component/HttpKernel/EventListener/RouterListener.php:145, Symfony\\Component\\Routing\\Exception\\ResourceNotFoundException:  at /var/www/heroku/silex_auttaa/vendor/symfony/routing/Symfony/Component/Routing/Matcher/UrlMatcher.php:96)"} []
[2014-07-27 15:44:39] myapp.INFO: < 404 [] []
[2014-07-27 15:44:43] myapp.INFO: Matched route "GET_login" (parameters: "_controller": "{}", "_route": "GET_login") [] []
[2014-07-27 15:44:43] myapp.DEBUG: Read SecurityContext from the session [] []
[2014-07-27 15:44:43] myapp.DEBUG: Reloading user from user provider. [] []
[2014-07-27 15:44:43] myapp.DEBUG: Username "Антон Кучеревский" was reloaded from user provider. [] []
[2014-07-27 15:44:43] myapp.INFO: > GET /web/index.php/login [] []
[2014-07-27 15:44:43] myapp.INFO: < 200 [] []
[2014-07-27 15:44:43] myapp.DEBUG: Write SecurityContext in the session [] []
[2014-07-27 15:45:54] myapp.INFO: Matched route "logout" (parameters: "_controller": "null", "_route": "logout") [] []
[2014-07-27 15:45:54] myapp.DEBUG: Read SecurityContext from the session [] []
[2014-07-27 15:45:54] myapp.DEBUG: Reloading user from user provider. [] []
[2014-07-27 15:45:54] myapp.DEBUG: Username "Антон Кучеревский" was reloaded from user provider. [] []
[2014-07-27 15:45:54] myapp.INFO: < 302 http://localhost:8000/web/index.php/ [] []
[2014-07-27 15:45:54] myapp.DEBUG: Write SecurityContext in the session [] []
[2014-07-27 15:45:54] myapp.ERROR: Symfony\Component\HttpKernel\Exception\NotFoundHttpException: No route found for "GET /" (from "http://localhost:8000/web/index.php/login") (uncaught exception) at /var/www/heroku/silex_auttaa/vendor/symfony/http-kernel/Symfony/Component/HttpKernel/EventListener/RouterListener.php line 145 {"exception":"[object] (Symfony\\Component\\HttpKernel\\Exception\\NotFoundHttpException: No route found for \"GET /\" (from \"http://localhost:8000/web/index.php/login\") at /var/www/heroku/silex_auttaa/vendor/symfony/http-kernel/Symfony/Component/HttpKernel/EventListener/RouterListener.php:145, Symfony\\Component\\Routing\\Exception\\ResourceNotFoundException:  at /var/www/heroku/silex_auttaa/vendor/symfony/routing/Symfony/Component/Routing/Matcher/UrlMatcher.php:96)"} []
[2014-07-27 15:45:54] myapp.INFO: < 404 [] []
[2014-07-27 15:45:57] myapp.INFO: Matched route "GET_login" (parameters: "_controller": "{}", "_route": "GET_login") [] []
[2014-07-27 15:45:57] myapp.INFO: Populated SecurityContext with an anonymous Token [] []
[2014-07-27 15:45:57] myapp.INFO: > GET /web/index.php/login [] []
[2014-07-27 15:45:57] myapp.INFO: < 200 [] []
[2014-07-27 15:45:57] myapp.DEBUG: Write SecurityContext in the session [] []
[2014-07-27 15:45:58] myapp.INFO: Matched route "_auth_service" (parameters: "_controller": "{}", "service": "facebook", "_route": "_auth_service") [] []
[2014-07-27 15:45:58] myapp.INFO: < 302 https://www.facebook.com/dialog/oauth?type=web_server&client_id=298809946967213&redirect_uri=http%3A%2F%2Flocalhost%3A8000%2Fweb%2Findex.php%2Fauth%2Ffacebook%2Fcallback&response_type=code&scope=email [] []
[2014-07-27 15:45:58] myapp.DEBUG: Write SecurityContext in the session [] []
[2014-07-27 15:45:58] myapp.INFO: Matched route "_auth_service_callback" (parameters: "_controller": "{}", "service": "facebook", "_route": "_auth_service_callback") [] []
[2014-07-27 15:45:59] myapp.INFO: < 302 http://localhost:8000/web/index.php/login/facebook/check [] []
[2014-07-27 15:45:59] myapp.DEBUG: Write SecurityContext in the session [] []
[2014-07-27 15:45:59] myapp.INFO: Matched route "GET_login_service_check" (parameters: "_controller": "{}", "service": "facebook", "_route": "GET_login_service_check") [] []
[2014-07-27 15:45:59] myapp.INFO: Populated SecurityContext with an anonymous Token [] []
[2014-07-27 15:45:59] myapp.INFO: > GET /web/index.php/login/facebook/check [] []
[2014-07-27 15:45:59] myapp.CRITICAL: LogicException: The controller must return a response (null given). Did you forget to add a return statement somewhere in your controller? (uncaught exception) at /var/www/heroku/silex_auttaa/vendor/symfony/http-kernel/Symfony/Component/HttpKernel/HttpKernel.php line 163 {"exception":"[object] (LogicException: The controller must return a response (null given). Did you forget to add a return statement somewhere in your controller? at /var/www/heroku/silex_auttaa/vendor/symfony/http-kernel/Symfony/Component/HttpKernel/HttpKernel.php:163)"} []
[2014-07-27 15:45:59] myapp.INFO: < 500 [] []
[2014-07-27 15:45:59] myapp.DEBUG: Write SecurityContext in the session [] []
[2014-07-27 15:46:07] myapp.INFO: Matched route "GET_login" (parameters: "_controller": "{}", "_route": "GET_login") [] []
[2014-07-27 15:46:07] myapp.INFO: Populated SecurityContext with an anonymous Token [] []
[2014-07-27 15:46:07] myapp.INFO: > GET /web/index.php/login [] []
[2014-07-27 15:46:07] myapp.INFO: < 200 [] []
[2014-07-27 15:46:07] myapp.DEBUG: Write SecurityContext in the session [] []
[2014-07-27 15:46:09] myapp.INFO: Matched route "_auth_service" (parameters: "_controller": "{}", "service": "facebook", "_route": "_auth_service") [] []
[2014-07-27 15:46:09] myapp.INFO: < 302 https://www.facebook.com/dialog/oauth?type=web_server&client_id=298809946967213&redirect_uri=http%3A%2F%2Flocalhost%3A8000%2Fweb%2Findex.php%2Fauth%2Ffacebook%2Fcallback&response_type=code&scope=email [] []
[2014-07-27 15:46:09] myapp.DEBUG: Write SecurityContext in the session [] []
[2014-07-27 15:46:10] myapp.INFO: Matched route "_auth_service_callback" (parameters: "_controller": "{}", "service": "facebook", "_route": "_auth_service_callback") [] []
[2014-07-27 15:46:10] myapp.INFO: < 302 http://localhost:8000/web/index.php/login/facebook/check [] []
[2014-07-27 15:46:10] myapp.DEBUG: Write SecurityContext in the session [] []
[2014-07-27 15:46:10] myapp.INFO: Matched route "GET_login_service_check" (parameters: "_controller": "{}", "service": "facebook", "_route": "GET_login_service_check") [] []
[2014-07-27 15:46:10] myapp.INFO: Populated SecurityContext with an anonymous Token [] []
[2014-07-27 15:46:10] myapp.INFO: > GET /web/index.php/login/facebook/check [] []
[2014-07-27 15:46:10] myapp.CRITICAL: LogicException: The controller must return a response (null given). Did you forget to add a return statement somewhere in your controller? (uncaught exception) at /var/www/heroku/silex_auttaa/vendor/symfony/http-kernel/Symfony/Component/HttpKernel/HttpKernel.php line 163 {"exception":"[object] (LogicException: The controller must return a response (null given). Did you forget to add a return statement somewhere in your controller? at /var/www/heroku/silex_auttaa/vendor/symfony/http-kernel/Symfony/Component/HttpKernel/HttpKernel.php:163)"} []
[2014-07-27 15:46:10] myapp.INFO: < 500 [] []
[2014-07-27 15:46:10] myapp.DEBUG: Write SecurityContext in the session [] []
[2014-07-27 15:47:22] myapp.ERROR: Symfony\Component\HttpKernel\Exception\NotFoundHttpException: No route found for "GET /login/facebook/check" (from "http://localhost:8000/web/index.php/login") (uncaught exception) at /var/www/heroku/silex_auttaa/vendor/symfony/http-kernel/Symfony/Component/HttpKernel/EventListener/RouterListener.php line 145 {"exception":"[object] (Symfony\\Component\\HttpKernel\\Exception\\NotFoundHttpException: No route found for \"GET /login/facebook/check\" (from \"http://localhost:8000/web/index.php/login\") at /var/www/heroku/silex_auttaa/vendor/symfony/http-kernel/Symfony/Component/HttpKernel/EventListener/RouterListener.php:145, Symfony\\Component\\Routing\\Exception\\ResourceNotFoundException:  at /var/www/heroku/silex_auttaa/vendor/symfony/routing/Symfony/Component/Routing/Matcher/UrlMatcher.php:96)"} []
[2014-07-27 15:47:22] myapp.INFO: < 404 [] []
[2014-07-27 15:47:25] myapp.INFO: Matched route "GET_login" (parameters: "_controller": "{}", "_route": "GET_login") [] []
[2014-07-27 15:47:25] myapp.INFO: Populated SecurityContext with an anonymous Token [] []
[2014-07-27 15:47:25] myapp.INFO: > GET /web/index.php/login [] []
[2014-07-27 15:47:25] myapp.INFO: < 200 [] []
[2014-07-27 15:47:25] myapp.DEBUG: Write SecurityContext in the session [] []
[2014-07-27 15:47:26] myapp.INFO: Matched route "_auth_service" (parameters: "_controller": "{}", "service": "facebook", "_route": "_auth_service") [] []
[2014-07-27 15:47:26] myapp.INFO: < 302 https://www.facebook.com/dialog/oauth?type=web_server&client_id=298809946967213&redirect_uri=http%3A%2F%2Flocalhost%3A8000%2Fweb%2Findex.php%2Fauth%2Ffacebook%2Fcallback&response_type=code&scope=email [] []
[2014-07-27 15:47:26] myapp.DEBUG: Write SecurityContext in the session [] []
[2014-07-27 15:47:26] myapp.INFO: Matched route "_auth_service_callback" (parameters: "_controller": "{}", "service": "facebook", "_route": "_auth_service_callback") [] []
[2014-07-27 15:47:27] myapp.INFO: < 302 http://localhost:8000/web/index.php/auth/facebook/check [] []
[2014-07-27 15:47:27] myapp.DEBUG: Write SecurityContext in the session [] []
[2014-07-27 15:47:27] myapp.INFO: Matched route "_auth_service_check" (parameters: "_controller": "{}", "service": "facebook", "_route": "_auth_service_check") [] []
[2014-07-27 15:47:27] myapp.INFO: User "Антон Кучеревский" has been authenticated successfully [] []
[2014-07-27 15:47:27] myapp.INFO: < 302 http://localhost:8000/web/index.php/ [] []
[2014-07-27 15:47:27] myapp.DEBUG: Write SecurityContext in the session [] []
[2014-07-27 15:47:27] myapp.ERROR: Symfony\Component\HttpKernel\Exception\NotFoundHttpException: No route found for "GET /" (from "http://localhost:8000/web/index.php/login") (uncaught exception) at /var/www/heroku/silex_auttaa/vendor/symfony/http-kernel/Symfony/Component/HttpKernel/EventListener/RouterListener.php line 145 {"exception":"[object] (Symfony\\Component\\HttpKernel\\Exception\\NotFoundHttpException: No route found for \"GET /\" (from \"http://localhost:8000/web/index.php/login\") at /var/www/heroku/silex_auttaa/vendor/symfony/http-kernel/Symfony/Component/HttpKernel/EventListener/RouterListener.php:145, Symfony\\Component\\Routing\\Exception\\ResourceNotFoundException:  at /var/www/heroku/silex_auttaa/vendor/symfony/routing/Symfony/Component/Routing/Matcher/UrlMatcher.php:96)"} []
[2014-07-27 15:47:27] myapp.INFO: < 404 [] []
[2014-07-27 15:47:30] myapp.INFO: Matched route "GET_login" (parameters: "_controller": "{}", "_route": "GET_login") [] []
[2014-07-27 15:47:30] myapp.DEBUG: Read SecurityContext from the session [] []
[2014-07-27 15:47:30] myapp.DEBUG: Reloading user from user provider. [] []
[2014-07-27 15:47:30] myapp.DEBUG: Username "Антон Кучеревский" was reloaded from user provider. [] []
[2014-07-27 15:47:30] myapp.INFO: > GET /web/index.php/login [] []
[2014-07-27 15:47:30] myapp.INFO: < 200 [] []
[2014-07-27 15:47:30] myapp.DEBUG: Write SecurityContext in the session [] []
[2014-07-27 15:47:55] myapp.INFO: Matched route "GET_login" (parameters: "_controller": "{}", "_route": "GET_login") [] []
[2014-07-27 15:47:55] myapp.DEBUG: Read SecurityContext from the session [] []
[2014-07-27 15:47:55] myapp.DEBUG: Reloading user from user provider. [] []
[2014-07-27 15:47:55] myapp.DEBUG: Username "Антон Кучеревский" was reloaded from user provider. [] []
[2014-07-27 15:47:55] myapp.INFO: > GET /web/index.php/login [] []
[2014-07-27 15:47:55] myapp.CRITICAL: Twig_Error_Syntax: The function "dump" does not exist in "index.twig" at line 3 (uncaught exception) at /var/www/heroku/silex_auttaa/vendor/twig/twig/lib/Twig/ExpressionParser.php line 553 {"exception":"[object] (Twig_Error_Syntax: The function \"dump\" does not exist in \"index.twig\" at line 3 at /var/www/heroku/silex_auttaa/vendor/twig/twig/lib/Twig/ExpressionParser.php:553)"} []
[2014-07-27 15:47:55] myapp.INFO: < 500 [] []
[2014-07-27 15:47:55] myapp.DEBUG: Write SecurityContext in the session [] []
[2014-07-27 15:47:58] myapp.INFO: Matched route "GET_login" (parameters: "_controller": "{}", "_route": "GET_login") [] []
[2014-07-27 15:47:58] myapp.DEBUG: Read SecurityContext from the session [] []
[2014-07-27 15:47:58] myapp.DEBUG: Reloading user from user provider. [] []
[2014-07-27 15:47:58] myapp.DEBUG: Username "Антон Кучеревский" was reloaded from user provider. [] []
[2014-07-27 15:47:58] myapp.INFO: > GET /web/index.php/login [] []
[2014-07-27 15:47:58] myapp.CRITICAL: Twig_Error_Syntax: The function "dump" does not exist in "index.twig" at line 3 (uncaught exception) at /var/www/heroku/silex_auttaa/vendor/twig/twig/lib/Twig/ExpressionParser.php line 553 {"exception":"[object] (Twig_Error_Syntax: The function \"dump\" does not exist in \"index.twig\" at line 3 at /var/www/heroku/silex_auttaa/vendor/twig/twig/lib/Twig/ExpressionParser.php:553)"} []
[2014-07-27 15:47:58] myapp.INFO: < 500 [] []
[2014-07-27 15:47:58] myapp.DEBUG: Write SecurityContext in the session [] []
[2014-07-27 15:48:33] myapp.INFO: Matched route "GET_login" (parameters: "_controller": "{}", "_route": "GET_login") [] []
[2014-07-27 15:48:33] myapp.DEBUG: Read SecurityContext from the session [] []
[2014-07-27 15:48:33] myapp.DEBUG: Reloading user from user provider. [] []
[2014-07-27 15:48:33] myapp.DEBUG: Username "Антон Кучеревский" was reloaded from user provider. [] []
[2014-07-27 15:48:33] myapp.INFO: > GET /web/index.php/login [] []
[2014-07-27 15:48:33] myapp.INFO: < 200 [] []
[2014-07-27 15:48:33] myapp.DEBUG: Write SecurityContext in the session [] []
[2014-07-27 15:50:45] myapp.INFO: Matched route "GET_" (parameters: "_controller": "{}", "_route": "GET_") [] []
[2014-07-27 15:50:45] myapp.DEBUG: Read SecurityContext from the session [] []
[2014-07-27 15:50:45] myapp.DEBUG: Reloading user from user provider. [] []
[2014-07-27 15:50:45] myapp.DEBUG: Username "Антон Кучеревский" was reloaded from user provider. [] []
[2014-07-27 15:50:45] myapp.INFO: > GET /web/index.php/ [] []
[2014-07-27 15:50:45] myapp.INFO: < 200 [] []
[2014-07-27 15:50:45] myapp.DEBUG: Write SecurityContext in the session [] []
[2014-07-27 15:50:48] myapp.INFO: Matched route "logout" (parameters: "_controller": "null", "_route": "logout") [] []
[2014-07-27 15:50:48] myapp.DEBUG: Read SecurityContext from the session [] []
[2014-07-27 15:50:48] myapp.DEBUG: Reloading user from user provider. [] []
[2014-07-27 15:50:48] myapp.DEBUG: Username "Антон Кучеревский" was reloaded from user provider. [] []
[2014-07-27 15:50:48] myapp.INFO: < 302 http://localhost:8000/web/index.php/ [] []
[2014-07-27 15:50:48] myapp.DEBUG: Write SecurityContext in the session [] []
[2014-07-27 15:50:48] myapp.INFO: Matched route "GET_" (parameters: "_controller": "{}", "_route": "GET_") [] []
[2014-07-27 15:50:48] myapp.INFO: Populated SecurityContext with an anonymous Token [] []
[2014-07-27 15:50:48] myapp.INFO: > GET /web/index.php/ [] []
[2014-07-27 15:50:48] myapp.CRITICAL: Twig_Error_Runtime: Key "twitter" for array with keys "facebook" does not exist in "index.twig" at line 9 (uncaught exception) at /var/www/heroku/silex_auttaa/vendor/twig/twig/lib/Twig/Template.php line 389 {"exception":"[object] (Twig_Error_Runtime: Key \"twitter\" for array with keys \"facebook\" does not exist in \"index.twig\" at line 9 at /var/www/heroku/silex_auttaa/vendor/twig/twig/lib/Twig/Template.php:389)"} []
[2014-07-27 15:50:48] myapp.INFO: < 500 [] []
[2014-07-27 15:50:48] myapp.DEBUG: Write SecurityContext in the session [] []
[2014-07-27 15:51:01] myapp.INFO: Matched route "GET_" (parameters: "_controller": "{}", "_route": "GET_") [] []
[2014-07-27 15:51:01] myapp.INFO: Populated SecurityContext with an anonymous Token [] []
[2014-07-27 15:51:01] myapp.INFO: > GET /web/index.php/ [] []
[2014-07-27 15:51:01] myapp.CRITICAL: Twig_Error_Runtime: Key "twitter" for array with keys "facebook" does not exist in "index.twig" at line 8 (uncaught exception) at /var/www/heroku/silex_auttaa/vendor/twig/twig/lib/Twig/Template.php line 389 {"exception":"[object] (Twig_Error_Runtime: Key \"twitter\" for array with keys \"facebook\" does not exist in \"index.twig\" at line 8 at /var/www/heroku/silex_auttaa/vendor/twig/twig/lib/Twig/Template.php:389)"} []
[2014-07-27 15:51:01] myapp.INFO: < 500 [] []
[2014-07-27 15:51:01] myapp.DEBUG: Write SecurityContext in the session [] []
[2014-07-27 15:51:25] myapp.INFO: Matched route "GET_" (parameters: "_controller": "{}", "_route": "GET_") [] []
[2014-07-27 15:51:25] myapp.INFO: Populated SecurityContext with an anonymous Token [] []
[2014-07-27 15:51:25] myapp.INFO: > GET /web/index.php/ [] []
[2014-07-27 15:51:25] myapp.INFO: < 200 [] []
[2014-07-27 15:51:25] myapp.DEBUG: Write SecurityContext in the session [] []
[2014-07-27 15:51:29] myapp.INFO: Matched route "_auth_service" (parameters: "_controller": "{}", "service": "facebook", "_route": "_auth_service") [] []
[2014-07-27 15:51:29] myapp.INFO: < 302 https://www.facebook.com/dialog/oauth?type=web_server&client_id=298809946967213&redirect_uri=http%3A%2F%2Flocalhost%3A8000%2Fweb%2Findex.php%2Fauth%2Ffacebook%2Fcallback&response_type=code&scope=email [] []
[2014-07-27 15:51:29] myapp.DEBUG: Write SecurityContext in the session [] []
[2014-07-27 15:51:30] myapp.INFO: Matched route "_auth_service_callback" (parameters: "_controller": "{}", "service": "facebook", "_route": "_auth_service_callback") [] []
[2014-07-27 15:51:30] myapp.INFO: < 302 http://localhost:8000/web/index.php/auth/facebook/check [] []
[2014-07-27 15:51:30] myapp.DEBUG: Write SecurityContext in the session [] []
[2014-07-27 15:51:30] myapp.INFO: Matched route "_auth_service_check" (parameters: "_controller": "{}", "service": "facebook", "_route": "_auth_service_check") [] []
[2014-07-27 15:51:31] myapp.INFO: User "Антон Кучеревский" has been authenticated successfully [] []
[2014-07-27 15:51:31] myapp.INFO: < 302 http://localhost:8000/web/index.php/ [] []
[2014-07-27 15:51:31] myapp.DEBUG: Write SecurityContext in the session [] []
[2014-07-27 15:51:31] myapp.INFO: Matched route "GET_" (parameters: "_controller": "{}", "_route": "GET_") [] []
[2014-07-27 15:51:31] myapp.DEBUG: Read SecurityContext from the session [] []
[2014-07-27 15:51:31] myapp.DEBUG: Reloading user from user provider. [] []
[2014-07-27 15:51:31] myapp.DEBUG: Username "Антон Кучеревский" was reloaded from user provider. [] []
[2014-07-27 15:51:31] myapp.INFO: > GET /web/index.php/ [] []
[2014-07-27 15:51:31] myapp.INFO: < 200 [] []
[2014-07-27 15:51:31] myapp.DEBUG: Write SecurityContext in the session [] []
[2014-07-27 15:55:54] myapp.INFO: Matched route "GET_" (parameters: "_controller": "{}", "_route": "GET_") [] []
[2014-07-27 15:55:54] myapp.DEBUG: Read SecurityContext from the session [] []
[2014-07-27 15:55:54] myapp.DEBUG: Reloading user from user provider. [] []
[2014-07-27 15:55:54] myapp.DEBUG: Username "Антон Кучеревский" was reloaded from user provider. [] []
[2014-07-27 15:55:54] myapp.INFO: > GET /web/index.php/ [] []
[2014-07-27 15:55:55] myapp.INFO: < 200 [] []
[2014-07-27 15:55:55] myapp.DEBUG: Write SecurityContext in the session [] []
[2014-07-27 15:56:08] myapp.INFO: Matched route "GET_" (parameters: "_controller": "{}", "_route": "GET_") [] []
[2014-07-27 15:56:08] myapp.DEBUG: Read SecurityContext from the session [] []
[2014-07-27 15:56:08] myapp.DEBUG: Reloading user from user provider. [] []
[2014-07-27 15:56:08] myapp.DEBUG: Username "Антон Кучеревский" was reloaded from user provider. [] []
[2014-07-27 15:56:08] myapp.INFO: > GET /web/index.php/ [] []
[2014-07-27 15:56:08] myapp.INFO: < 200 [] []
[2014-07-27 15:56:08] myapp.DEBUG: Write SecurityContext in the session [] []
[2014-07-27 15:58:47] myapp.INFO: Matched route "GET_" (parameters: "_controller": "{}", "_route": "GET_") [] []
[2014-07-27 15:58:47] myapp.DEBUG: Read SecurityContext from the session [] []
[2014-07-27 15:58:47] myapp.DEBUG: Reloading user from user provider. [] []
[2014-07-27 15:58:47] myapp.DEBUG: Username "Антон Кучеревский" was reloaded from user provider. [] []
[2014-07-27 15:58:47] myapp.INFO: > GET /web/index.php/ [] []
[2014-07-27 15:58:47] myapp.INFO: < 200 [] []
[2014-07-27 15:58:47] myapp.DEBUG: Write SecurityContext in the session [] []
[2014-07-27 16:32:26] myapp.INFO: Matched route "GET_" (parameters: "_controller": "{}", "_route": "GET_") [] []
[2014-07-27 16:32:26] myapp.DEBUG: Read SecurityContext from the session [] []
[2014-07-27 16:32:26] myapp.DEBUG: Reloading user from user provider. [] []
[2014-07-27 16:32:26] myapp.DEBUG: Username "Антон Кучеревский" was reloaded from user provider. [] []
[2014-07-27 16:32:26] myapp.INFO: > GET /web/index.php/ [] []
[2014-07-27 16:32:26] myapp.INFO: < 200 [] []
[2014-07-27 16:32:26] myapp.DEBUG: Write SecurityContext in the session [] []
[2014-07-27 16:44:12] myapp.INFO: Matched route "GET_" (parameters: "_controller": "{}", "_route": "GET_") [] []
[2014-07-27 16:44:12] myapp.DEBUG: Read SecurityContext from the session [] []
[2014-07-27 16:44:12] myapp.DEBUG: Reloading user from user provider. [] []
[2014-07-27 16:44:12] myapp.DEBUG: Username "Антон Кучеревский" was reloaded from user provider. [] []
[2014-07-27 16:44:12] myapp.INFO: > GET /web/index.php/ [] []
[2014-07-27 16:44:12] myapp.INFO: < 200 [] []
[2014-07-27 16:44:12] myapp.DEBUG: Write SecurityContext in the session [] []
[2014-07-27 16:44:15] myapp.INFO: Matched route "logout" (parameters: "_controller": "null", "_route": "logout") [] []
[2014-07-27 16:44:15] myapp.DEBUG: Read SecurityContext from the session [] []
[2014-07-27 16:44:15] myapp.DEBUG: Reloading user from user provider. [] []
[2014-07-27 16:44:15] myapp.DEBUG: Username "Антон Кучеревский" was reloaded from user provider. [] []
[2014-07-27 16:44:15] myapp.INFO: < 302 http://localhost:8000/web/index.php/ [] []
[2014-07-27 16:44:15] myapp.DEBUG: Write SecurityContext in the session [] []
[2014-07-27 16:44:15] myapp.INFO: Matched route "GET_" (parameters: "_controller": "{}", "_route": "GET_") [] []
[2014-07-27 16:44:15] myapp.INFO: Populated SecurityContext with an anonymous Token [] []
[2014-07-27 16:44:15] myapp.INFO: > GET /web/index.php/ [] []
[2014-07-27 16:44:15] myapp.INFO: < 200 [] []
[2014-07-27 16:44:15] myapp.DEBUG: Write SecurityContext in the session [] []
[2014-07-27 16:44:17] myapp.INFO: Matched route "_auth_service" (parameters: "_controller": "{}", "service": "google", "_route": "_auth_service") [] []
[2014-07-27 16:44:17] myapp.INFO: < 302 https://accounts.google.com/o/oauth2/auth?access_type=online&type=web_server&client_id=973244655377-7gmbn4clhumb17nmsqes0p2u2udvf1um.apps.googleusercontent.com&redirect_uri=http%3A%2F%2Flocalhost%3A8000%2Fweb%2Findex.php%2Fauth%2Fgoogle%2Fcallback&response_type=code&scope=https%3A%2F%2Fwww.googleapis.com%2Fauth%2Fuserinfo.email+https%3A%2F%2Fwww.googleapis.com%2Fauth%2Fuserinfo.profile [] []
[2014-07-27 16:44:17] myapp.DEBUG: Write SecurityContext in the session [] []
[2014-07-27 16:47:18] myapp.INFO: Matched route "GET_" (parameters: "_controller": "{}", "_route": "GET_") [] []
[2014-07-27 16:47:18] myapp.INFO: Populated SecurityContext with an anonymous Token [] []
[2014-07-27 16:47:18] myapp.INFO: > GET /web/index.php/ [] []
[2014-07-27 16:47:18] myapp.INFO: < 200 [] []
[2014-07-27 16:47:18] myapp.DEBUG: Write SecurityContext in the session [] []
[2014-07-27 16:51:55] myapp.INFO: Matched route "GET_" (parameters: "_controller": "{}", "_route": "GET_") [] []
[2014-07-27 16:51:55] myapp.INFO: Populated SecurityContext with an anonymous Token [] []
[2014-07-27 16:51:55] myapp.INFO: > GET /web/index.php/ [] []
[2014-07-27 16:51:55] myapp.INFO: < 200 [] []
[2014-07-27 16:51:55] myapp.DEBUG: Write SecurityContext in the session [] []
[2014-07-27 16:51:57] myapp.INFO: Matched route "_auth_service" (parameters: "_controller": "{}", "service": "twitter", "_route": "_auth_service") [] []
[2014-07-27 16:52:00] myapp.INFO: < 302 https://api.twitter.com/oauth/authenticate?oauth_token=cCeGVe0vgbqwCRU1I22m8tYagjaIaIYzqIWV2W5BEY [] []
[2014-07-27 16:52:00] myapp.DEBUG: Write SecurityContext in the session [] []
[2014-07-27 16:52:05] myapp.INFO: Matched route "_auth_service_callback" (parameters: "_controller": "{}", "service": "twitter", "_route": "_auth_service_callback") [] []
[2014-07-27 16:52:06] myapp.INFO: < 302 http://localhost:8000/web/index.php/auth/twitter/check [] []
[2014-07-27 16:52:06] myapp.DEBUG: Write SecurityContext in the session [] []
[2014-07-27 16:52:06] myapp.INFO: Matched route "_auth_service_check" (parameters: "_controller": "{}", "service": "twitter", "_route": "_auth_service_check") [] []
[2014-07-27 16:52:07] myapp.INFO: User "Anton" has been authenticated successfully [] []
[2014-07-27 16:52:07] myapp.INFO: < 302 http://localhost:8000/web/index.php/ [] []
[2014-07-27 16:52:07] myapp.DEBUG: Write SecurityContext in the session [] []
[2014-07-27 16:52:07] myapp.INFO: Matched route "GET_" (parameters: "_controller": "{}", "_route": "GET_") [] []
[2014-07-27 16:52:07] myapp.DEBUG: Read SecurityContext from the session [] []
[2014-07-27 16:52:07] myapp.DEBUG: Reloading user from user provider. [] []
[2014-07-27 16:52:07] myapp.DEBUG: Username "Anton" was reloaded from user provider. [] []
[2014-07-27 16:52:07] myapp.INFO: > GET /web/index.php/ [] []
[2014-07-27 16:52:07] myapp.INFO: < 200 [] []
[2014-07-27 16:52:07] myapp.DEBUG: Write SecurityContext in the session [] []
[2014-07-27 16:57:12] myapp.INFO: Matched route "logout" (parameters: "_controller": "null", "_route": "logout") [] []
[2014-07-27 16:57:12] myapp.DEBUG: Read SecurityContext from the session [] []
[2014-07-27 16:57:12] myapp.DEBUG: Reloading user from user provider. [] []
[2014-07-27 16:57:12] myapp.DEBUG: Username "Anton" was reloaded from user provider. [] []
[2014-07-27 16:57:12] myapp.INFO: < 302 http://localhost:8000/web/index.php/ [] []
[2014-07-27 16:57:12] myapp.DEBUG: Write SecurityContext in the session [] []
[2014-07-27 16:57:12] myapp.INFO: Matched route "GET_" (parameters: "_controller": "{}", "_route": "GET_") [] []
[2014-07-27 16:57:12] myapp.INFO: Populated SecurityContext with an anonymous Token [] []
[2014-07-27 16:57:12] myapp.INFO: > GET /web/index.php/ [] []
[2014-07-27 16:57:12] myapp.INFO: < 200 [] []
[2014-07-27 16:57:12] myapp.DEBUG: Write SecurityContext in the session [] []
[2014-07-27 16:57:13] myapp.INFO: Matched route "_auth_service" (parameters: "_controller": "{}", "service": "twitter", "_route": "_auth_service") [] []
[2014-07-27 16:57:14] myapp.INFO: < 302 https://api.twitter.com/oauth/authenticate?oauth_token=NXLdABTmwh7am2VJIAAMJednUjbggz0d55OU5uh9v0 [] []
[2014-07-27 16:57:14] myapp.DEBUG: Write SecurityContext in the session [] []
[2014-07-27 16:57:18] myapp.INFO: Matched route "_auth_service_callback" (parameters: "_controller": "{}", "service": "twitter", "_route": "_auth_service_callback") [] []
[2014-07-27 16:57:19] myapp.INFO: < 302 http://localhost:8000/web/index.php/auth/twitter/check [] []
[2014-07-27 16:57:19] myapp.DEBUG: Write SecurityContext in the session [] []
[2014-07-27 16:57:19] myapp.INFO: Matched route "_auth_service_check" (parameters: "_controller": "{}", "service": "twitter", "_route": "_auth_service_check") [] []
[2014-07-27 16:57:20] myapp.INFO: User "Anton" has been authenticated successfully [] []
[2014-07-27 16:57:20] myapp.INFO: < 302 http://localhost:8000/web/index.php/ [] []
[2014-07-27 16:57:20] myapp.DEBUG: Write SecurityContext in the session [] []
[2014-07-27 16:57:20] myapp.INFO: Matched route "GET_" (parameters: "_controller": "{}", "_route": "GET_") [] []
[2014-07-27 16:57:20] myapp.DEBUG: Read SecurityContext from the session [] []
[2014-07-27 16:57:20] myapp.DEBUG: Reloading user from user provider. [] []
[2014-07-27 16:57:20] myapp.DEBUG: Username "Anton" was reloaded from user provider. [] []
[2014-07-27 16:57:20] myapp.INFO: > GET /web/index.php/ [] []
[2014-07-27 16:57:20] myapp.INFO: < 200 [] []
[2014-07-27 16:57:20] myapp.DEBUG: Write SecurityContext in the session [] []
[2014-07-27 16:57:48] myapp.INFO: Matched route "GET_" (parameters: "_controller": "{}", "_route": "GET_") [] []
[2014-07-27 16:57:48] myapp.DEBUG: Read SecurityContext from the session [] []
[2014-07-27 16:57:48] myapp.DEBUG: Reloading user from user provider. [] []
[2014-07-27 16:57:48] myapp.DEBUG: Username "Anton" was reloaded from user provider. [] []
[2014-07-27 16:57:48] myapp.INFO: > GET /web/index.php/ [] []
[2014-07-27 16:57:48] myapp.INFO: < 200 [] []
[2014-07-27 16:57:48] myapp.DEBUG: Write SecurityContext in the session [] []
[2014-07-27 16:57:50] myapp.INFO: Matched route "GET_" (parameters: "_controller": "{}", "_route": "GET_") [] []
[2014-07-27 16:57:50] myapp.DEBUG: Read SecurityContext from the session [] []
[2014-07-27 16:57:50] myapp.DEBUG: Reloading user from user provider. [] []
[2014-07-27 16:57:50] myapp.DEBUG: Username "Anton" was reloaded from user provider. [] []
[2014-07-27 16:57:50] myapp.INFO: > GET /web/index.php/ [] []
[2014-07-27 16:57:50] myapp.INFO: < 200 [] []
[2014-07-27 16:57:50] myapp.DEBUG: Write SecurityContext in the session [] []
[2014-07-27 16:57:51] myapp.INFO: Matched route "logout" (parameters: "_controller": "null", "_route": "logout") [] []
[2014-07-27 16:57:51] myapp.DEBUG: Read SecurityContext from the session [] []
[2014-07-27 16:57:51] myapp.DEBUG: Reloading user from user provider. [] []
[2014-07-27 16:57:51] myapp.DEBUG: Username "Anton" was reloaded from user provider. [] []
[2014-07-27 16:57:51] myapp.INFO: < 302 http://localhost:8000/web/index.php/ [] []
[2014-07-27 16:57:51] myapp.DEBUG: Write SecurityContext in the session [] []
[2014-07-27 16:57:51] myapp.INFO: Matched route "GET_" (parameters: "_controller": "{}", "_route": "GET_") [] []
[2014-07-27 16:57:51] myapp.INFO: Populated SecurityContext with an anonymous Token [] []
[2014-07-27 16:57:51] myapp.INFO: > GET /web/index.php/ [] []
[2014-07-27 16:57:51] myapp.INFO: < 200 [] []
[2014-07-27 16:57:51] myapp.DEBUG: Write SecurityContext in the session [] []
[2014-07-27 16:57:52] myapp.INFO: Matched route "_auth_service" (parameters: "_controller": "{}", "service": "twitter", "_route": "_auth_service") [] []
[2014-07-27 16:57:52] myapp.INFO: < 302 https://api.twitter.com/oauth/authenticate?oauth_token=Re0SSx6XaAwbHmxVU1MaFWf98vUNUrPN880R294wojo [] []
[2014-07-27 16:57:52] myapp.DEBUG: Write SecurityContext in the session [] []
[2014-07-27 16:57:55] myapp.INFO: Matched route "_auth_service_callback" (parameters: "_controller": "{}", "service": "twitter", "_route": "_auth_service_callback") [] []
[2014-07-27 16:57:56] myapp.INFO: < 302 http://localhost:8000/web/index.php/auth/twitter/check [] []
[2014-07-27 16:57:56] myapp.DEBUG: Write SecurityContext in the session [] []
[2014-07-27 16:57:56] myapp.INFO: Matched route "_auth_service_check" (parameters: "_controller": "{}", "service": "twitter", "_route": "_auth_service_check") [] []
[2014-07-27 16:57:57] myapp.INFO: User "Anton" has been authenticated successfully [] []
[2014-07-27 16:57:57] myapp.INFO: < 302 http://localhost:8000/web/index.php/ [] []
[2014-07-27 16:57:57] myapp.DEBUG: Write SecurityContext in the session [] []
[2014-07-27 16:57:57] myapp.INFO: Matched route "GET_" (parameters: "_controller": "{}", "_route": "GET_") [] []
[2014-07-27 16:57:57] myapp.DEBUG: Read SecurityContext from the session [] []
[2014-07-27 16:57:57] myapp.DEBUG: Reloading user from user provider. [] []
[2014-07-27 16:57:57] myapp.DEBUG: Username "Anton" was reloaded from user provider. [] []
[2014-07-27 16:57:57] myapp.INFO: > GET /web/index.php/ [] []
[2014-07-27 16:57:57] myapp.INFO: < 200 [] []
[2014-07-27 16:57:57] myapp.DEBUG: Write SecurityContext in the session [] []
[2014-07-27 16:58:07] myapp.INFO: Matched route "GET_" (parameters: "_controller": "{}", "_route": "GET_") [] []
[2014-07-27 16:58:07] myapp.DEBUG: Read SecurityContext from the session [] []
[2014-07-27 16:58:07] myapp.DEBUG: Reloading user from user provider. [] []
[2014-07-27 16:58:07] myapp.DEBUG: Username "Anton" was reloaded from user provider. [] []
[2014-07-27 16:58:07] myapp.INFO: > GET /web/index.php/ [] []
[2014-07-27 16:58:07] myapp.INFO: < 200 [] []
[2014-07-27 16:58:07] myapp.DEBUG: Write SecurityContext in the session [] []
[2014-07-27 16:58:08] myapp.INFO: Matched route "logout" (parameters: "_controller": "null", "_route": "logout") [] []
[2014-07-27 16:58:08] myapp.DEBUG: Read SecurityContext from the session [] []
[2014-07-27 16:58:08] myapp.DEBUG: Reloading user from user provider. [] []
[2014-07-27 16:58:08] myapp.DEBUG: Username "Anton" was reloaded from user provider. [] []
[2014-07-27 16:58:08] myapp.INFO: < 302 http://localhost:8000/web/index.php/ [] []
[2014-07-27 16:58:08] myapp.DEBUG: Write SecurityContext in the session [] []
[2014-07-27 16:58:08] myapp.INFO: Matched route "GET_" (parameters: "_controller": "{}", "_route": "GET_") [] []
[2014-07-27 16:58:08] myapp.INFO: Populated SecurityContext with an anonymous Token [] []
[2014-07-27 16:58:08] myapp.INFO: > GET /web/index.php/ [] []
[2014-07-27 16:58:08] myapp.INFO: < 200 [] []
[2014-07-27 16:58:08] myapp.DEBUG: Write SecurityContext in the session [] []
[2014-07-27 16:58:09] myapp.INFO: Matched route "_auth_service" (parameters: "_controller": "{}", "service": "twitter", "_route": "_auth_service") [] []
[2014-07-27 16:58:10] myapp.INFO: < 302 https://api.twitter.com/oauth/authenticate?oauth_token=MfVhAyB802ViBZRLBoIArrX7zKJpaYj11qpH8xl1vU [] []
[2014-07-27 16:58:10] myapp.DEBUG: Write SecurityContext in the session [] []
[2014-07-27 16:58:12] myapp.INFO: Matched route "_auth_service_callback" (parameters: "_controller": "{}", "service": "twitter", "_route": "_auth_service_callback") [] []
[2014-07-27 16:58:13] myapp.INFO: < 302 http://localhost:8000/web/index.php/auth/twitter/check [] []
[2014-07-27 16:58:13] myapp.DEBUG: Write SecurityContext in the session [] []
[2014-07-27 16:58:13] myapp.INFO: Matched route "_auth_service_check" (parameters: "_controller": "{}", "service": "twitter", "_route": "_auth_service_check") [] []
[2014-07-27 16:58:13] myapp.INFO: User "Anton" has been authenticated successfully [] []
[2014-07-27 16:58:13] myapp.INFO: < 302 http://localhost:8000/web/index.php/ [] []
[2014-07-27 16:58:13] myapp.DEBUG: Write SecurityContext in the session [] []
[2014-07-27 16:58:13] myapp.INFO: Matched route "GET_" (parameters: "_controller": "{}", "_route": "GET_") [] []
[2014-07-27 16:58:13] myapp.DEBUG: Read SecurityContext from the session [] []
[2014-07-27 16:58:13] myapp.DEBUG: Reloading user from user provider. [] []
[2014-07-27 16:58:13] myapp.DEBUG: Username "Anton" was reloaded from user provider. [] []
[2014-07-27 16:58:13] myapp.INFO: > GET /web/index.php/ [] []
[2014-07-27 16:58:13] myapp.INFO: < 200 [] []
[2014-07-27 16:58:13] myapp.DEBUG: Write SecurityContext in the session [] []
[2014-07-27 16:58:20] myapp.INFO: Matched route "GET_" (parameters: "_controller": "{}", "_route": "GET_") [] []
[2014-07-27 16:58:20] myapp.DEBUG: Read SecurityContext from the session [] []
[2014-07-27 16:58:20] myapp.DEBUG: Reloading user from user provider. [] []
[2014-07-27 16:58:20] myapp.DEBUG: Username "Anton" was reloaded from user provider. [] []
[2014-07-27 16:58:20] myapp.INFO: > GET /web/index.php/ [] []
[2014-07-27 16:58:20] myapp.INFO: < 200 [] []
[2014-07-27 16:58:20] myapp.DEBUG: Write SecurityContext in the session [] []
[2014-07-27 16:58:22] myapp.INFO: Matched route "logout" (parameters: "_controller": "null", "_route": "logout") [] []
[2014-07-27 16:58:22] myapp.DEBUG: Read SecurityContext from the session [] []
[2014-07-27 16:58:22] myapp.DEBUG: Reloading user from user provider. [] []
[2014-07-27 16:58:22] myapp.DEBUG: Username "Anton" was reloaded from user provider. [] []
[2014-07-27 16:58:22] myapp.INFO: < 302 http://localhost:8000/web/index.php/ [] []
[2014-07-27 16:58:22] myapp.DEBUG: Write SecurityContext in the session [] []
[2014-07-27 16:58:22] myapp.INFO: Matched route "GET_" (parameters: "_controller": "{}", "_route": "GET_") [] []
[2014-07-27 16:58:22] myapp.INFO: Populated SecurityContext with an anonymous Token [] []
[2014-07-27 16:58:22] myapp.INFO: > GET /web/index.php/ [] []
[2014-07-27 16:58:22] myapp.INFO: < 200 [] []
[2014-07-27 16:58:22] myapp.DEBUG: Write SecurityContext in the session [] []
[2014-07-27 16:58:24] myapp.INFO: Matched route "_auth_service" (parameters: "_controller": "{}", "service": "twitter", "_route": "_auth_service") [] []
[2014-07-27 16:58:24] myapp.INFO: < 302 https://api.twitter.com/oauth/authenticate?oauth_token=O7eRNkUdgCra5CTDAdGXpvUeDQqNWYqOJW4PXV23epU [] []
[2014-07-27 16:58:24] myapp.DEBUG: Write SecurityContext in the session [] []
[2014-07-27 16:58:27] myapp.INFO: Matched route "_auth_service_callback" (parameters: "_controller": "{}", "service": "twitter", "_route": "_auth_service_callback") [] []
[2014-07-27 16:58:28] myapp.INFO: < 302 http://localhost:8000/web/index.php/auth/twitter/check [] []
[2014-07-27 16:58:28] myapp.DEBUG: Write SecurityContext in the session [] []
[2014-07-27 16:58:28] myapp.INFO: Matched route "_auth_service_check" (parameters: "_controller": "{}", "service": "twitter", "_route": "_auth_service_check") [] []
[2014-07-27 16:58:29] myapp.INFO: User "Anton" has been authenticated successfully [] []
[2014-07-27 16:58:29] myapp.INFO: < 302 http://localhost:8000/web/index.php/ [] []
[2014-07-27 16:58:29] myapp.DEBUG: Write SecurityContext in the session [] []
[2014-07-27 16:58:29] myapp.INFO: Matched route "GET_" (parameters: "_controller": "{}", "_route": "GET_") [] []
[2014-07-27 16:58:29] myapp.DEBUG: Read SecurityContext from the session [] []
[2014-07-27 16:58:29] myapp.DEBUG: Reloading user from user provider. [] []
[2014-07-27 16:58:29] myapp.DEBUG: Username "Anton" was reloaded from user provider. [] []
[2014-07-27 16:58:29] myapp.INFO: > GET /web/index.php/ [] []
[2014-07-27 16:58:29] myapp.INFO: < 200 [] []
[2014-07-27 16:58:29] myapp.DEBUG: Write SecurityContext in the session [] []
[2014-07-27 16:58:31] myapp.INFO: Matched route "logout" (parameters: "_controller": "null", "_route": "logout") [] []
[2014-07-27 16:58:31] myapp.DEBUG: Read SecurityContext from the session [] []
[2014-07-27 16:58:31] myapp.DEBUG: Reloading user from user provider. [] []
[2014-07-27 16:58:31] myapp.DEBUG: Username "Anton" was reloaded from user provider. [] []
[2014-07-27 16:58:31] myapp.INFO: < 302 http://localhost:8000/web/index.php/ [] []
[2014-07-27 16:58:31] myapp.DEBUG: Write SecurityContext in the session [] []
[2014-07-27 16:58:31] myapp.INFO: Matched route "GET_" (parameters: "_controller": "{}", "_route": "GET_") [] []
[2014-07-27 16:58:31] myapp.INFO: Populated SecurityContext with an anonymous Token [] []
[2014-07-27 16:58:31] myapp.INFO: > GET /web/index.php/ [] []
[2014-07-27 16:58:31] myapp.INFO: < 200 [] []
[2014-07-27 16:58:31] myapp.DEBUG: Write SecurityContext in the session [] []
[2014-07-27 16:58:46] myapp.INFO: Matched route "_auth_service" (parameters: "_controller": "{}", "service": "facebook", "_route": "_auth_service") [] []
[2014-07-27 16:58:46] myapp.INFO: < 302 https://www.facebook.com/dialog/oauth?type=web_server&client_id=298809946967213&redirect_uri=http%3A%2F%2Flocalhost%3A8000%2Fweb%2Findex.php%2Fauth%2Ffacebook%2Fcallback&response_type=code&scope=email [] []
[2014-07-27 16:58:46] myapp.DEBUG: Write SecurityContext in the session [] []
[2014-07-27 16:58:47] myapp.INFO: Matched route "_auth_service_callback" (parameters: "_controller": "{}", "service": "facebook", "_route": "_auth_service_callback") [] []
[2014-07-27 16:58:48] myapp.INFO: < 302 http://localhost:8000/web/index.php/auth/facebook/check [] []
[2014-07-27 16:58:48] myapp.DEBUG: Write SecurityContext in the session [] []
[2014-07-27 16:58:48] myapp.INFO: Matched route "_auth_service_check" (parameters: "_controller": "{}", "service": "facebook", "_route": "_auth_service_check") [] []
[2014-07-27 16:58:48] myapp.INFO: User "Антон Кучеревский" has been authenticated successfully [] []
[2014-07-27 16:58:48] myapp.INFO: < 302 http://localhost:8000/web/index.php/ [] []
[2014-07-27 16:58:48] myapp.DEBUG: Write SecurityContext in the session [] []
[2014-07-27 16:58:48] myapp.INFO: Matched route "GET_" (parameters: "_controller": "{}", "_route": "GET_") [] []
[2014-07-27 16:58:48] myapp.DEBUG: Read SecurityContext from the session [] []
[2014-07-27 16:58:48] myapp.DEBUG: Reloading user from user provider. [] []
[2014-07-27 16:58:48] myapp.DEBUG: Username "Антон Кучеревский" was reloaded from user provider. [] []
[2014-07-27 16:58:48] myapp.INFO: > GET /web/index.php/ [] []
[2014-07-27 16:58:48] myapp.INFO: < 200 [] []
[2014-07-27 16:58:48] myapp.DEBUG: Write SecurityContext in the session [] []
[2014-07-27 16:58:58] myapp.INFO: Matched route "logout" (parameters: "_controller": "null", "_route": "logout") [] []
[2014-07-27 16:58:58] myapp.DEBUG: Read SecurityContext from the session [] []
[2014-07-27 16:58:58] myapp.DEBUG: Reloading user from user provider. [] []
[2014-07-27 16:58:58] myapp.DEBUG: Username "Антон Кучеревский" was reloaded from user provider. [] []
[2014-07-27 16:58:58] myapp.INFO: < 302 http://localhost:8000/web/index.php/ [] []
[2014-07-27 16:58:58] myapp.DEBUG: Write SecurityContext in the session [] []
[2014-07-27 16:58:58] myapp.INFO: Matched route "GET_" (parameters: "_controller": "{}", "_route": "GET_") [] []
[2014-07-27 16:58:58] myapp.INFO: Populated SecurityContext with an anonymous Token [] []
[2014-07-27 16:58:58] myapp.INFO: > GET /web/index.php/ [] []
[2014-07-27 16:58:58] myapp.INFO: < 200 [] []
[2014-07-27 16:58:58] myapp.DEBUG: Write SecurityContext in the session [] []
[2014-07-27 16:59:00] myapp.INFO: Matched route "_auth_service" (parameters: "_controller": "{}", "service": "twitter", "_route": "_auth_service") [] []
[2014-07-27 16:59:00] myapp.INFO: < 302 https://api.twitter.com/oauth/authenticate?oauth_token=wunv6Dgvn68zYcd3GR0uZIGLho5708vXDee3XSmYuYY [] []
[2014-07-27 16:59:00] myapp.DEBUG: Write SecurityContext in the session [] []
[2014-07-27 16:59:03] myapp.INFO: Matched route "_auth_service_callback" (parameters: "_controller": "{}", "service": "twitter", "_route": "_auth_service_callback") [] []
[2014-07-27 16:59:04] myapp.INFO: < 302 http://localhost:8000/web/index.php/auth/twitter/check [] []
[2014-07-27 16:59:04] myapp.DEBUG: Write SecurityContext in the session [] []
[2014-07-27 16:59:04] myapp.INFO: Matched route "_auth_service_check" (parameters: "_controller": "{}", "service": "twitter", "_route": "_auth_service_check") [] []
[2014-07-27 16:59:05] myapp.INFO: User "Anton" has been authenticated successfully [] []
[2014-07-27 16:59:05] myapp.INFO: < 302 http://localhost:8000/web/index.php/ [] []
[2014-07-27 16:59:05] myapp.DEBUG: Write SecurityContext in the session [] []
[2014-07-27 16:59:05] myapp.INFO: Matched route "GET_" (parameters: "_controller": "{}", "_route": "GET_") [] []
[2014-07-27 16:59:05] myapp.DEBUG: Read SecurityContext from the session [] []
[2014-07-27 16:59:05] myapp.DEBUG: Reloading user from user provider. [] []
[2014-07-27 16:59:05] myapp.DEBUG: Username "Anton" was reloaded from user provider. [] []
[2014-07-27 16:59:05] myapp.INFO: > GET /web/index.php/ [] []
[2014-07-27 16:59:05] myapp.INFO: < 200 [] []
[2014-07-27 16:59:05] myapp.DEBUG: Write SecurityContext in the session [] []
[2014-07-27 17:06:20] myapp.INFO: Matched route "logout" (parameters: "_controller": "null", "_route": "logout") [] []
[2014-07-27 17:06:20] myapp.DEBUG: Read SecurityContext from the session [] []
[2014-07-27 17:06:20] myapp.DEBUG: Reloading user from user provider. [] []
[2014-07-27 17:06:20] myapp.DEBUG: Username "Anton" was reloaded from user provider. [] []
[2014-07-27 17:06:20] myapp.INFO: < 302 http://localhost:8000/web/index.php/ [] []
[2014-07-27 17:06:20] myapp.DEBUG: Write SecurityContext in the session [] []
[2014-07-27 17:06:20] myapp.INFO: Matched route "GET_" (parameters: "_controller": "{}", "_route": "GET_") [] []
[2014-07-27 17:06:20] myapp.INFO: Populated SecurityContext with an anonymous Token [] []
[2014-07-27 17:06:20] myapp.INFO: > GET /web/index.php/ [] []
[2014-07-27 17:06:20] myapp.INFO: < 200 [] []
[2014-07-27 17:06:20] myapp.DEBUG: Write SecurityContext in the session [] []
[2014-07-27 17:06:32] myapp.INFO: Matched route "GET_" (parameters: "_controller": "{}", "_route": "GET_") [] []
[2014-07-27 17:06:32] myapp.INFO: Populated SecurityContext with an anonymous Token [] []
[2014-07-27 17:06:32] myapp.INFO: > GET /web/index.php/ [] []
[2014-07-27 17:06:32] myapp.INFO: < 200 [] []
[2014-07-27 17:06:32] myapp.DEBUG: Write SecurityContext in the session [] []
